<?xml version="1.0" encoding="UTF-8"?>
<testng-results skipped="0" failed="0" ignored="0" total="1" passed="1">
  <reporter-output>
  </reporter-output>
  <suite name="Default suite" duration-ms="70761" started-at="2020-11-23T10:51:30 ART" finished-at="2020-11-23T10:52:41 ART">
    <groups>
    </groups>
    <test name="Default test" duration-ms="70761" started-at="2020-11-23T10:51:30 ART" finished-at="2020-11-23T10:52:41 ART">
      <class name="ValidacionContratos.SinM4PPosFijo">
        <test-method status="PASS" signature="before()[pri:0, instance:ValidacionContratos.SinM4PPosFijo@56aac163]" name="before" is-config="true" duration-ms="10" started-at="2020-11-23T10:51:30 ART" finished-at="2020-11-23T10:51:30 ART">
          <reporter-output>
          </reporter-output>
        </test-method> <!-- before -->
        <test-method status="PASS" signature="borrarPosFijoNuevoLocal()[pri:0, instance:ValidacionContratos.SinM4PPosFijo@56aac163]" name="borrarPosFijoNuevoLocal" duration-ms="70715" started-at="2020-11-23T10:51:30 ART" finished-at="2020-11-23T10:52:41 ART">
          <reporter-output>
          </reporter-output>
        </test-method> <!-- borrarPosFijoNuevoLocal -->
      </class> <!-- ValidacionContratos.SinM4PPosFijo -->
    </test> <!-- Default test -->
  </suite> <!-- Default suite -->
</testng-results>
